[debug]: debug message: 1
[info] : info message: hello
[warn] : warn message: 3.5
[error]: error message: X
[info] : fallback level message
[info] : before rotation
[debug]: debug message: 1
[info] : info message: hello
[warn] : warn message: 3.5
[error]: error message: X
[info] : fallback level message
[info] : before rotation
[debug]: debug message: 1
[info] : info message: hello
[warn] : warn message: 3.5
[error]: error message: X
[info] : fallback level message
[info] : before rotation
[debug]: debug message: 1
[info] : info message: hello
[warn] : warn message: 3.5
[error]: error message: X
[info] : fallback level message
[info] : before rotation
